//-------------------------- 8/15/2009 -- 12:21:53 -----
Processor Init:
   Intel Pentium Celeron, ~2.15 Ghz
     (timed at roughly 2.15 Ghz)
   FPU detected
   MMX detected
   SSE detected
 
Math Init:
   Installing Standard C extensions
   Installing Assembly extensions
   Installing FPU extensions
   Installing MMX extensions
   Installing SSE extensions
 
Input Init:
   DirectInput enabled.

Initializing chunk mappings...
Could not load this GL function: glGenTextures
Could not load this GL function: glBindTexture
Could not load this GL function: glTexImage2D
Could not load this GL function: glTexParameteri
Could not load this GL function: glTexParameteri
Could not load this GL function: glTexParameteri
Could not load this GL function: glTexParameteri
Could not load this GL function: glGenTextures
Could not load this GL function: glBindTexture
Could not load this GL function: glTexImage2D
Could not load this GL function: glTexParameteri
Could not load this GL function: glTexParameteri
Could not load this GL function: glTexParameteri
Could not load this GL function: glTexParameteri
   o 'TEXT' maps to TextChunk
   o 'SCHK' maps to UnknownChunk
   o 'SCHK' maps to SimChunk
Binding server port to default IP
Debugger connection from 127.0.0.1
Loading compiled script C:/Users/Braylin/Documents/MyGames/fish game/common/main.cs.
Loading compiled script C:/Users/Braylin/Documents/MyGames/fish game/game/main.cs.
 % - Initializing Common
Loading compiled script C:/Users/Braylin/Documents/MyGames/fish game/common/preferences/defaultPrefs.cs.
Reading Display Device information...
   Primary Display Device Found:
      Vendor Id: VEN_0000
      Device Id: DEV_0000

Using OpenGL rendering. Fullscreen: 0

Loading compiled script C:/Users/Braylin/Documents/MyGames/fish game/common/gameScripts/xml.cs.
Loading compiled script C:/Users/Braylin/Documents/MyGames/fish game/common/gameScripts/properties.cs.
Loading compiled script C:/Users/Braylin/Documents/MyGames/fish game/common/gameScripts/common.cs.
Loading compiled script C:/Users/Braylin/Documents/MyGames/fish game/common/gameScripts/audio.cs.
Loading compiled script C:/Users/Braylin/Documents/MyGames/fish game/common/gameScripts/canvas.cs.
Loading compiled script C:/Users/Braylin/Documents/MyGames/fish game/common/gameScripts/cursor.cs.
Video Init:
   Accelerated OpenGL display device detected.
   Accelerated D3D device detected.
   Voodoo 2 display device not detected.

Activating the OpenGL display device...
Activating the OpenGL display device...
Setting screen mode to 800x600x32 (w)...
Creating a new window...
Acquiring a new device context...
Pixel format set:
  32 color bits, 24 depth bits, 8 stencil bits
Creating a new rendering context...
Making the new rendering context current...
OpenGL driver information:
  Vendor: Intel
  Renderer: Intel 965/963 Graphics Media Accelerator
  Version: 1.5.0 - Build 7.15.10.1472
OpenGL Init: Enabled Extensions
  ARB_multitexture (Max Texture Units: 8)
  EXT_blend_color
  EXT_blend_minmax
  EXT_compiled_vertex_array
  EXT_texture_env_combine
  EXT_packed_pixels
  EXT_fog_coord
  ARB_texture_compression
  EXT_texture_compression_s3tc
  3DFX_texture_compression_FXT1
  (ARB|EXT)_texture_env_add
  EXT_texture_filter_anisotropic (Max anisotropy: 2)
OpenGL Init: Disabled Extensions
  EXT_paletted_texture
  NV_vertex_array_range
  WGL_EXT_swap_control

Max Texture Size reported as: 2048
OpenAL Driver Init:
   Vendor: Creative Labs Inc.
   Version: OpenAL 1.0
   Renderer: Software
   Extensions: EAX 2.0, EAX 3.0, EAX Unified, and EAX-AC3

Loading compiled script C:/Users/Braylin/Documents/MyGames/fish game/common/gui/profiles.cs.
Loading compiled script C:/Users/Braylin/Documents/MyGames/fish game/common/gui/cursors.cs.
Loading compiled script C:/Users/Braylin/Documents/MyGames/fish game/common/gui/messageBoxOk.gui.
Loading compiled script C:/Users/Braylin/Documents/MyGames/fish game/common/gui/messageBoxYesNo.gui.
Loading compiled script C:/Users/Braylin/Documents/MyGames/fish game/common/gui/messageBoxYesNoCancel.gui.
Loading compiled script C:/Users/Braylin/Documents/MyGames/fish game/common/gui/messageBoxOKCancel.gui.
Loading compiled script C:/Users/Braylin/Documents/MyGames/fish game/common/gui/messageBoxOKCancelDetailsDlg.gui.
Loading compiled script C:/Users/Braylin/Documents/MyGames/fish game/common/gui/messagePopup.gui.
Loading compiled script C:/Users/Braylin/Documents/MyGames/fish game/common/gui/options.gui.
Loading compiled script C:/Users/Braylin/Documents/MyGames/fish game/common/gui/remap.gui.
Loading compiled script C:/Users/Braylin/Documents/MyGames/fish game/common/gui/console.gui.
Loading compiled script C:/Users/Braylin/Documents/MyGames/fish game/common/gui/NetworkMenu.gui.
Loading compiled script C:/Users/Braylin/Documents/MyGames/fish game/common/gui/startServer.gui.
Loading compiled script C:/Users/Braylin/Documents/MyGames/fish game/common/gui/joinServer.gui.
Loading compiled script C:/Users/Braylin/Documents/MyGames/fish game/common/gui/waitingForServer.gui.
Loading compiled script C:/Users/Braylin/Documents/MyGames/fish game/common/gui/helpDlg.gui.
Loading compiled script C:/Users/Braylin/Documents/MyGames/fish game/common/gui/messageBox.cs.
Loading compiled script C:/Users/Braylin/Documents/MyGames/fish game/common/gui/help.cs.
Loading compiled script C:/Users/Braylin/Documents/MyGames/fish game/common/gui/chatGui.gui.
Loading compiled script C:/Users/Braylin/Documents/MyGames/fish game/common/gameScripts/screenshot.cs.
Loading compiled script C:/Users/Braylin/Documents/MyGames/fish game/common/gameScripts/metrics.cs.
Loading compiled script C:/Users/Braylin/Documents/MyGames/fish game/common/Gui/FrameOverlayGui.gui.
Loading compiled script C:/Users/Braylin/Documents/MyGames/fish game/common/gameScripts/scriptDoc.cs.
Loading compiled script C:/Users/Braylin/Documents/MyGames/fish game/common/gameScripts/keybindings.cs.
Loading compiled script C:/Users/Braylin/Documents/MyGames/fish game/common/gameScripts/options.cs.
Loading compiled script C:/Users/Braylin/Documents/MyGames/fish game/common/gameScripts/levelManagement.cs.
Loading compiled script C:/Users/Braylin/Documents/MyGames/fish game/common/gameScripts/projectManagement.cs.
Loading compiled script C:/Users/Braylin/Documents/MyGames/fish game/common/gameScripts/projectResources.cs.
Loading compiled script C:/Users/Braylin/Documents/MyGames/fish game/common/gameScripts/align.cs.

Torque Game Builder (v1.7.4) initialized...
Loading compiled script C:/Users/Braylin/Documents/MyGames/fish game/resources/fishArt/resourceDatabase.cs.
 % Game Resources : Loaded Resource fishArt
Loading compiled script C:/Users/Braylin/Documents/MyGames/fish game/game/managed/datablocks.cs.
Loading compiled script C:/Users/Braylin/Documents/MyGames/fish game/game/managed/persistent.cs.
Loading compiled script C:/Users/Braylin/Documents/MyGames/fish game/game/managed/brushes.cs.
Loading compiled script C:/Users/Braylin/Documents/MyGames/fish game/game/gameScripts/datablocks.cs.
Loading compiled script C:/Users/Braylin/Documents/MyGames/fish game/game/gameScripts/guiProfiles.cs.
Loading compiled script C:/Users/Braylin/Documents/MyGames/fish game/game/gui/mainScreen.gui.
Loading compiled script C:/Users/Braylin/Documents/MyGames/fish game/game/gameScripts/game.cs.
Loading compiled script C:/Users/Braylin/Documents/MyGames/fish game/game/gameScripts/player.cs.
Loading compiled script C:/Users/Braylin/Documents/MyGames/fish game/game/gameScripts/FishFood.cs.
Loading compiled script C:/Users/Braylin/Documents/MyGames/fish game/game/gameScripts/Fish.cs.
Activating DirectInput...
DirectInput joystick failed to enable!
Error loading level game/data/levels/untitled.t2d. Invalid file.
DirectInput deactivated.
Shutting down the OpenGL display device...
Making the GL rendering context not current...
Deleting the GL rendering context...
Releasing the device context...
